2021-06-22 14:10:17
fslaurafs

2021-06-22 14:10:30
fslaurafs

2021-06-22 14:11:05
fslaurafs

2021-06-22 14:11:16
fslaurafs

2021-06-22 14:11:54
fslaurafs

2021-06-22 14:12:12
fslaurafs

2021-06-22 14:19:28
fslaurafs

2021-06-22 14:21:03
fslaurafs

2021-06-22 14:21:36
fslaurafs

2021-06-22 14:23:00
fslaurafs

2021-06-22 14:25:01
fslaurafs

2021-06-22 14:25:55
fslaurafs

2021-06-23 07:37:00
fslaurafs

2021-06-23 11:02:31
renan_almeidasv

2021-06-24 12:03:48
fslaurafs

2021-06-24 12:04:20
renan_almeidasv

2021-06-24 12:04:22
fslaurafs

2021-06-24 12:07:26
renan_almeidasv

2021-06-24 12:07:30
renan_almeidasv

2021-06-24 12:07:33
renan_almeidasv

2021-06-24 12:07:33
fslaurafs

2021-06-24 12:07:36
renan_almeidasv

2021-06-24 12:08:53
fslaurafs

2021-06-24 12:09:00
fslaurafs

2021-06-24 12:09:35
fslaurafs

2021-06-24 12:09:37
fslaurafs

2021-06-24 12:10:23
fslaurafs

2021-06-24 12:10:31
fslaurafs

2021-06-24 12:10:34
fslaurafs

2021-06-24 12:10:42
fslaurafs

2021-06-24 12:13:34
fslaurafs

2021-06-24 12:13:54
fslaurafs

2021-06-24 12:14:00
fslaurafs

2021-06-24 12:14:10
fslaurafs

2021-06-24 12:14:49
fslaurafs

2021-06-24 12:16:03
fslaurafs

2021-06-24 12:16:14
fslaurafs

2021-06-24 12:16:17
fslaurafs

2021-06-24 12:16:56
fslaurafs

2021-06-24 12:17:03
fslaurafs

2021-06-24 12:17:17
fslaurafs

2021-06-24 12:20:19
renan_almeidasv

2021-06-24 13:24:59
renan_almeidasv

2021-06-24 13:29:14
renan_almeidasv

2021-06-24 13:32:05
renan_almeidasusu

2021-06-24 13:32:32
renan_almeidasusu

2021-06-24 13:36:27
renan_almeidasusu

2021-06-24 13:36:56
renan_almeidasusu

2021-06-24 13:39:42
renan_almeidasusu

2021-06-24 13:39:44
renan_almeidasusu

2021-06-24 13:39:55
renan_almeidasusu

2021-06-24 13:39:57
renan_almeidasusu

2021-06-24 13:40:14
renan_almeidasv

2021-06-24 13:40:27
renan_almeidasv

2021-06-24 13:58:02
renan_almeidasv

2021-06-24 13:58:06
renan_almeidasv

2021-06-25 08:11:25
fslaurafs

2021-06-25 08:11:38
fslaurafs

2021-06-25 08:11:45
fslaurafs

2021-06-25 08:12:39
fslauraf

2021-06-25 08:13:10
fslaurafs

2021-06-25 08:15:51
fslaurafs

2021-06-25 08:15:56
fslaurafs


fslaurafs


fslauraf


fslauraf


fslaura


fslaura

2021-06-25 08:30:11
fslaura

2021-06-25 08:30:23
fslaurafs


fslaura


fslaura


fslaura


fslaurafs


fslaurafs


fslaurafs


fslaurafs


fslaurafs


fslaurafs

2021-06-25 08:48:35
renan_almeidasv


renan_almeidasv


renan_almeidassss


fslaurafs


fslaurafs


fslaurafs


fslaurafs


renan_almeidasv


renan_almeidasvsss


fslaurafs


fslaurafs


fslaurafs


fslaurafs

2021-06-25 08:53:40
fslaurafs


renan_almeidasv

